[GIN-debug] [WARNING] Running in "debug" mode. Switch to "release" mode in production.
 - using env:	export GIN_MODE=release
 - using code:	gin.SetMode(gin.ReleaseMode)

[GIN-debug] Loaded HTML Templates (22): 
	- login.tmpl
	- footer
	- header.tmpl
	- header
	- navlogin
	- menu.tmpl
	- base.tmpl
	- content
	- full.tmpl
	- head
	- navigation
	- order.tmpl
	- 
	- index.tmpl
	- home
	- navlogin.tmpl
	- contact.tmpl
	- signup.tmpl
	- base
	- footer.tmpl
	- head.tmpl
	- navigation.tmpl

[GIN-debug] GET    /static/*filepath         --> github.com/gin-gonic/gin.(*RouterGroup).createStaticHandler.func1 (6 handlers)
[GIN-debug] HEAD   /static/*filepath         --> github.com/gin-gonic/gin.(*RouterGroup).createStaticHandler.func1 (6 handlers)
[GIN-debug] GET    /auth/login               --> github.com/ZhijiunY/restaurant-service-system/controllers.(*SessionController).LoginGet.func1 (6 handlers)
[GIN-debug] GET    /auth/signup              --> github.com/ZhijiunY/restaurant-service-system/controllers.(*SessionController).SignupGet.func1 (6 handlers)
[GIN-debug] POST   /auth/login               --> github.com/ZhijiunY/restaurant-service-system/controllers.(*SessionController).LoginPost.func1 (6 handlers)
[GIN-debug] POST   /auth/logout              --> github.com/ZhijiunY/restaurant-service-system/controllers.(*SessionController).LogoutPost.func1 (6 handlers)
[GIN-debug] POST   /auth/signup              --> github.com/ZhijiunY/restaurant-service-system/controllers.(*SessionController).SignupPost.func1 (6 handlers)
[GIN-debug] GET    /auth/static/*filepath    --> github.com/gin-gonic/gin.(*RouterGroup).createStaticHandler.func1 (6 handlers)
[GIN-debug] HEAD   /auth/static/*filepath    --> github.com/gin-gonic/gin.(*RouterGroup).createStaticHandler.func1 (6 handlers)
[GIN-debug] GET    /                         --> github.com/ZhijiunY/restaurant-service-system/controllers.GetIndex (6 handlers)
[GIN-debug] GET    /menu                     --> github.com/ZhijiunY/restaurant-service-system/controllers.GetMenu.func1 (7 handlers)
[GIN-debug] GET    /order/                   --> github.com/ZhijiunY/restaurant-service-system/controllers.GetOrder.func1 (7 handlers)
[GIN-debug] POST   /order/confirmPrice       --> github.com/ZhijiunY/restaurant-service-system/controllers.ConfirmPrice (6 handlers)
[GIN-debug] GET    /order/static/*filepath   --> github.com/gin-gonic/gin.(*RouterGroup).createStaticHandler.func1 (6 handlers)
[GIN-debug] HEAD   /order/static/*filepath   --> github.com/gin-gonic/gin.(*RouterGroup).createStaticHandler.func1 (6 handlers)
[GIN-debug] [WARNING] You trusted all proxies, this is NOT safe. We recommend you to set a value.
Please check https://pkg.go.dev/github.com/gin-gonic/gin#readme-don-t-trust-all-proxies for details.
[GIN-debug] Listening and serving HTTP on :8080
::1 - [2024-01-11 16:55:26.293278 +0800 CST m=+4.964827834] GET / 200  
::1 - [2024-01-11 16:55:27.906585 +0800 CST m=+6.578135393] GET /auth/login 400  
::1 - [2024-01-11 16:55:35.282447 +0800 CST m=+13.953997553] POST /auth/login 303  
::1 - [2024-01-11 16:55:35.296663 +0800 CST m=+13.968212856] GET /menu 200  
::1 - [2024-01-11 16:55:37.735943 +0800 CST m=+16.407493531] GET /order/ 200  
::1 - [2024-01-11 16:55:37.751685 +0800 CST m=+16.423235148] GET /order/static/css/styles.css 304  
